<?xml version="1.0" encoding="UTF-8"?>
<!-- Generated by org.testng.reporters.JUnitReportReporter -->
<testsuite skipped="0" hostname="DESKTOP-E2QNDSG" name="testng.FacebookLoginTest" tests="1" failures="0" timestamp="25 Feb 2021 15:22:26 GMT" time="32.443" errors="0">
  <testcase name="validCredentialTest" time="32.443" classname="testng.FacebookLoginTest"/>
</testsuite> <!-- testng.FacebookLoginTest -->
