<?xml version="1.0" encoding="UTF-8"?>
<!-- Generated by org.testng.reporters.JUnitReportReporter -->
<testsuite skipped="0" hostname="DESKTOP-E2QNDSG" name="datadriven.LoginFacebook" tests="3" failures="0" timestamp="04 Mar 2021 15:51:09 GMT" time="56.766" errors="0">
  <testcase name="loginToFacebook" time="18.732" classname="datadriven.LoginFacebook"/>
  <testcase name="loginToFacebook" time="20.281" classname="datadriven.LoginFacebook"/>
  <testcase name="loginToFacebook" time="17.753" classname="datadriven.LoginFacebook"/>
</testsuite> <!-- datadriven.LoginFacebook -->
