<?xml version="1.0" encoding="UTF-8"?>
<!-- Generated by org.testng.reporters.JUnitReportReporter -->
<testsuite skipped="0" hostname="DESKTOP-E2QNDSG" name="testng.TestNgBasicc" tests="2" failures="0" timestamp="25 Feb 2021 15:22:26 GMT" time="0.013" errors="0">
  <testcase name="sigin" time="0.005" classname="testng.TestNgBasicc"/>
  <testcase name="googleTitle" time="0.008" classname="testng.TestNgBasicc"/>
</testsuite> <!-- testng.TestNgBasicc -->
